<?xml version="1.0" encoding="UTF-8"?>
<!-- Generated by org.testng.reporters.JUnitXMLReporter -->
<testsuite ignored="6" hostname="DESKTOP-E225OPG" failures="0" tests="1" name="Create user without body" time="0.818" errors="0" timestamp="28 Aug 2022 04:11:29 GMT">
  <testcase classname="APITests" name="createUserWithoutBody" time="0.816"/>
  <testcase classname="APITests" name="createNewUserWithInvalidAuth" time="0.0">
    <ignored/>
  </testcase> <!-- createNewUserWithInvalidAuth -->
  <testcase classname="APITests" name="updateUser" time="0.0">
    <ignored/>
  </testcase> <!-- updateUser -->
  <testcase classname="APITests" name="deletingSameUserTwice" time="0.0">
    <ignored/>
  </testcase> <!-- deletingSameUserTwice -->
  <testcase classname="APITests" name="createNewUser" time="0.0">
    <ignored/>
  </testcase> <!-- createNewUser -->
  <testcase classname="APITests" name="updateUserWithInvalidId" time="0.0">
    <ignored/>
  </testcase> <!-- updateUserWithInvalidId -->
  <testcase classname="APITests" name="deleteUser" time="0.0">
    <ignored/>
  </testcase> <!-- deleteUser -->
</testsuite> <!-- Create user without body -->
