<?xml version="1.0" encoding="UTF-8"?>
<!-- Generated by org.testng.reporters.JUnitXMLReporter -->
<testsuite ignored="6" hostname="DESKTOP-E225OPG" failures="0" tests="1" name="Default test" time="3.964" errors="0" timestamp="2022-08-27T22:45:40 CEST">
  <testcase classname="APITests" name="updateUserWithInvalidId" time="3.897"/>
  <testcase classname="APITests" name="deleteUser" time="0.0">
    <ignored/>
  </testcase> <!-- deleteUser -->
  <testcase classname="APITests" name="updateUser" time="0.0">
    <ignored/>
  </testcase> <!-- updateUser -->
  <testcase classname="APITests" name="deletingSameUserTwice" time="0.0">
    <ignored/>
  </testcase> <!-- deletingSameUserTwice -->
  <testcase classname="APITests" name="createUserWithoutBody" time="0.0">
    <ignored/>
  </testcase> <!-- createUserWithoutBody -->
  <testcase classname="APITests" name="createNewUser" time="0.0">
    <ignored/>
  </testcase> <!-- createNewUser -->
  <testcase classname="APITests" name="createNewUserWithInvalidAuth" time="0.0">
    <ignored/>
  </testcase> <!-- createNewUserWithInvalidAuth -->
</testsuite> <!-- Default test -->
