<?xml version="1.0" encoding="UTF-8"?>
<!-- Generated by org.testng.reporters.JUnitXMLReporter -->
<testsuite ignored="2" hostname="DESKTOP-E225OPG" failures="0" tests="1" name="Create new user" time="12.634" errors="0" timestamp="2022-08-27T19:44:55 CEST">
  <testcase classname="APITests" name="createNewUser" time="12.562"/>
  <testcase classname="APITests" name="updateUser" time="0.0">
    <ignored/>
  </testcase> <!-- updateUser -->
  <testcase classname="APITests" name="deleteUser" time="0.0">
    <ignored/>
  </testcase> <!-- deleteUser -->
</testsuite> <!-- Create new user -->
