<?xml version="1.0" encoding="UTF-8"?>
<!-- Generated by org.testng.reporters.JUnitXMLReporter -->
<testsuite ignored="2" hostname="DESKTOP-E225OPG" failures="0" tests="1" name="Delete user" time="8.697" errors="0" timestamp="2022-08-27T19:45:25 CEST">
  <testcase classname="APITests" name="deleteUser" time="8.695"/>
  <testcase classname="APITests" name="updateUser" time="0.0">
    <ignored/>
  </testcase> <!-- updateUser -->
  <testcase classname="APITests" name="createNewUser" time="0.0">
    <ignored/>
  </testcase> <!-- createNewUser -->
</testsuite> <!-- Delete user -->
