<?xml version="1.0" encoding="UTF-8"?>
<!-- Generated by org.testng.reporters.JUnitXMLReporter -->
<testsuite ignored="2" hostname="DESKTOP-E225OPG" failures="0" tests="1" name="Update user details" time="21.927" errors="0" timestamp="2022-08-27T19:45:16 CEST">
  <testcase classname="APITests" name="updateUser" time="21.923"/>
  <testcase classname="APITests" name="deleteUser" time="0.0">
    <ignored/>
  </testcase> <!-- deleteUser -->
  <testcase classname="APITests" name="createNewUser" time="0.0">
    <ignored/>
  </testcase> <!-- createNewUser -->
</testsuite> <!-- Update user details -->
